<?xml version="1.0" encoding="UTF-8"?>
<!-- Generated by org.testng.reporters.JUnitXMLReporter -->
<testsuite ignored="0" hostname="DESKTOP-RH03703" failures="0" tests="2" name="Test_Runner-edge" time="5.293" errors="0" timestamp="2023-03-31T10:41:00 GST">
  <testcase classname="Vtiger.GenericUtilities.BaseClass" name="@BeforeTest bcConfig" time="5.191">
    <failure type="org.openqa.selenium.remote.http.ConnectionFailedException" message="Unable to establish websocket connection to http://localhost:51219/devtools/browser/a88d200f-534c-40b4-af3a-ec402e1dae99
Build info: version: &amp;apos;4.4.0&amp;apos;, revision: &amp;apos;e5c75ed026a&amp;apos;
System info: host: &amp;apos;DESKTOP-RH03703&amp;apos;, ip: &amp;apos;192.168.1.8&amp;apos;, os.name: &amp;apos;Windows 10&amp;apos;, os.arch: &amp;apos;amd64&amp;apos;, os.version: &amp;apos;10.0&amp;apos;, java.version: &amp;apos;19.0.1&amp;apos;
Driver info: driver.version: ChromeDriver">
      <![CDATA[org.openqa.selenium.remote.http.ConnectionFailedException: Unable to establish websocket connection to http://localhost:51219/devtools/browser/a88d200f-534c-40b4-af3a-ec402e1dae99
Build info: version: '4.4.0', revision: 'e5c75ed026a'
System info: host: 'DESKTOP-RH03703', ip: '192.168.1.8', os.name: 'Windows 10', os.arch: 'amd64', os.version: '10.0', java.version: '19.0.1'
Driver info: driver.version: ChromeDriver
at org.openqa.selenium.remote.http.netty.NettyWebSocket.<init>(NettyWebSocket.java:102)
at org.openqa.selenium.remote.http.netty.NettyWebSocket.lambda$create$3(NettyWebSocket.java:128)
at org.openqa.selenium.remote.http.netty.NettyClient.openSocket(NettyClient.java:106)
at org.openqa.selenium.devtools.Connection.<init>(Connection.java:77)
at org.openqa.selenium.chromium.ChromiumDriver.lambda$new$2(ChromiumDriver.java:116)
at java.base/java.util.Optional.map(Optional.java:260)
at org.openqa.selenium.chromium.ChromiumDriver.<init>(ChromiumDriver.java:114)
at org.openqa.selenium.chrome.ChromeDriver.<init>(ChromeDriver.java:81)
at org.openqa.selenium.chrome.ChromeDriver.<init>(ChromeDriver.java:49)
at Vtiger.GenericUtilities.BaseClass.bcConfig(BaseClass.java:53)
at java.base/java.util.concurrent.FutureTask.run(FutureTask.java:317)
at java.base/java.util.concurrent.ThreadPoolExecutor.runWorker(ThreadPoolExecutor.java:1144)
at java.base/java.util.concurrent.ThreadPoolExecutor$Worker.run(ThreadPoolExecutor.java:642)
at java.base/java.lang.Thread.run(Thread.java:1589)
... Removed 13 stack frames]]>
    </failure>
  </testcase> <!-- @BeforeTest bcConfig -->
  <testcase classname="Vtiger.GenericUtilities.BaseClass" name="@BeforeMethod bmConfig" time="-1.680244860046E9">
    <skipped/>
  </testcase> <!-- @BeforeMethod bmConfig -->
  <testcase classname="Vtiger.GenericUtilities.BaseClass" name="@AfterMethod amConfig" time="-1.680244860054E9">
    <skipped/>
  </testcase> <!-- @AfterMethod amConfig -->
  <testcase classname="Vtiger.GenericUtilities.BaseClass" name="@BeforeMethod bmConfig" time="-1.680244860056E9">
    <skipped/>
  </testcase> <!-- @BeforeMethod bmConfig -->
  <testcase classname="Vtiger.GenericUtilities.BaseClass" name="@AfterMethod amConfig" time="-1.680244860063E9">
    <skipped/>
  </testcase> <!-- @AfterMethod amConfig -->
  <testcase classname="Vtiger.GenericUtilities.BaseClass" name="@AfterTest acConfig" time="-1.680244860066E9">
    <skipped/>
  </testcase> <!-- @AfterTest acConfig -->
  <testcase classname="vtiger.Organization.Tests.CreateOrganizationTest" name="createOrgTest" time="0.0">
    <skipped/>
  </testcase> <!-- createOrgTest -->
  <testcase classname="vtiger.Organization.Tests.CreateOrganizationTest" name="demo" time="0.0">
    <skipped/>
  </testcase> <!-- demo -->
</testsuite> <!-- Test_Runner-edge -->
